<?xml version="1.0" encoding="UTF-8"?>
<!-- Generated by org.testng.reporters.JUnitReportReporter -->
<testsuite hostname="Holly-Maes-MBP.hitronhub.home" failures="0" tests="2" name="test.InitialTest" time="44.184" errors="0" timestamp="04 Feb 2020 19:51:24 GMT" skipped="1">
  <testcase classname="test.InitialTest" name="canFilterByFormat" time="16.332"/>
  <testcase classname="test.InitialTest" name="canFilterByFormat" time="27.852">
    <skipped/>
  </testcase> <!-- canFilterByFormat -->
</testsuite> <!-- test.InitialTest -->
