<?xml version="1.0" encoding="UTF-8"?>
<!-- Generated by org.testng.reporters.JUnitReportReporter -->
<testsuite hostname="Holly-Maes-MBP.lan" failures="0" tests="1" name="test.test" time="20.853" errors="0" timestamp="15 Aug 2019 02:44:11 GMT" skipped="0">
  <testcase classname="test.test" name="stuff" time="20.853"/>
</testsuite> <!-- test.test -->
