<?xml version="1.0" encoding="UTF-8"?>
<!-- Generated by org.testng.reporters.JUnitReportReporter -->
<testsuite hostname="Holly-Maes-MBP.lan" failures="0" tests="1" name="test" time="6.429" errors="0" timestamp="15 Aug 2019 02:42:19 GMT" skipped="0">
  <testcase classname="test" name="stuff" time="6.429"/>
</testsuite> <!-- test -->
